22-Sep-2019 21:55:21.055 INFO [main] org.apache.catalina.startup.VersionLoggerListener.log Server version:        Apache Tomcat/8.5.42
22-Sep-2019 21:55:21.060 INFO [main] org.apache.catalina.startup.VersionLoggerListener.log Server built:          Jun 4 2019 20:29:04 UTC
22-Sep-2019 21:55:21.060 INFO [main] org.apache.catalina.startup.VersionLoggerListener.log Server number:         8.5.42.0
22-Sep-2019 21:55:21.060 INFO [main] org.apache.catalina.startup.VersionLoggerListener.log OS Name:               Mac OS X
22-Sep-2019 21:55:21.060 INFO [main] org.apache.catalina.startup.VersionLoggerListener.log OS Version:            10.14.6
22-Sep-2019 21:55:21.061 INFO [main] org.apache.catalina.startup.VersionLoggerListener.log Architecture:          x86_64
22-Sep-2019 21:55:21.061 INFO [main] org.apache.catalina.startup.VersionLoggerListener.log Java Home:             /Library/Java/JavaVirtualMachines/jdk-11.0.1.jdk/Contents/Home
22-Sep-2019 21:55:21.061 INFO [main] org.apache.catalina.startup.VersionLoggerListener.log JVM Version:           11.0.1+13-LTS
22-Sep-2019 21:55:21.061 INFO [main] org.apache.catalina.startup.VersionLoggerListener.log JVM Vendor:            Oracle Corporation
22-Sep-2019 21:55:21.061 INFO [main] org.apache.catalina.startup.VersionLoggerListener.log CATALINA_BASE:         /Users/mohamedraiz/Downloads/atlassian-jira-software-8.4.1-standalone
22-Sep-2019 21:55:21.061 INFO [main] org.apache.catalina.startup.VersionLoggerListener.log CATALINA_HOME:         /Users/mohamedraiz/Downloads/atlassian-jira-software-8.4.1-standalone
22-Sep-2019 21:55:21.066 INFO [main] org.apache.catalina.startup.VersionLoggerListener.log Command line argument: --add-opens=java.base/java.lang=ALL-UNNAMED
22-Sep-2019 21:55:21.066 INFO [main] org.apache.catalina.startup.VersionLoggerListener.log Command line argument: --add-opens=java.base/java.io=ALL-UNNAMED
22-Sep-2019 21:55:21.066 INFO [main] org.apache.catalina.startup.VersionLoggerListener.log Command line argument: --add-opens=java.rmi/sun.rmi.transport=ALL-UNNAMED
22-Sep-2019 21:55:21.066 INFO [main] org.apache.catalina.startup.VersionLoggerListener.log Command line argument: -Djava.util.logging.config.file=/Users/mohamedraiz/downloads/atlassian-jira-software-8.4.1-standalone/conf/logging.properties
22-Sep-2019 21:55:21.066 INFO [main] org.apache.catalina.startup.VersionLoggerListener.log Command line argument: -Djava.util.logging.manager=org.apache.juli.ClassLoaderLogManager
22-Sep-2019 21:55:21.066 INFO [main] org.apache.catalina.startup.VersionLoggerListener.log Command line argument: -Xms384m
22-Sep-2019 21:55:21.066 INFO [main] org.apache.catalina.startup.VersionLoggerListener.log Command line argument: -Xmx2048m
22-Sep-2019 21:55:21.067 INFO [main] org.apache.catalina.startup.VersionLoggerListener.log Command line argument: -XX:InitialCodeCacheSize=32m
22-Sep-2019 21:55:21.067 INFO [main] org.apache.catalina.startup.VersionLoggerListener.log Command line argument: -XX:ReservedCodeCacheSize=512m
22-Sep-2019 21:55:21.067 INFO [main] org.apache.catalina.startup.VersionLoggerListener.log Command line argument: -Djava.awt.headless=true
22-Sep-2019 21:55:21.067 INFO [main] org.apache.catalina.startup.VersionLoggerListener.log Command line argument: -Datlassian.standalone=JIRA
22-Sep-2019 21:55:21.067 INFO [main] org.apache.catalina.startup.VersionLoggerListener.log Command line argument: -Dorg.apache.jasper.runtime.BodyContentImpl.LIMIT_BUFFER=true
22-Sep-2019 21:55:21.067 INFO [main] org.apache.catalina.startup.VersionLoggerListener.log Command line argument: -Dmail.mime.decodeparameters=true
22-Sep-2019 21:55:21.067 INFO [main] org.apache.catalina.startup.VersionLoggerListener.log Command line argument: -Dorg.dom4j.factory=com.atlassian.core.xml.InterningDocumentFactory
22-Sep-2019 21:55:21.068 INFO [main] org.apache.catalina.startup.VersionLoggerListener.log Command line argument: -XX:-OmitStackTraceInFastThrow
22-Sep-2019 21:55:21.068 INFO [main] org.apache.catalina.startup.VersionLoggerListener.log Command line argument: -Djava.locale.providers=COMPAT
22-Sep-2019 21:55:21.068 INFO [main] org.apache.catalina.startup.VersionLoggerListener.log Command line argument: -Djdk.tls.ephemeralDHKeySize=2048
22-Sep-2019 21:55:21.068 INFO [main] org.apache.catalina.startup.VersionLoggerListener.log Command line argument: -Djava.protocol.handler.pkgs=org.apache.catalina.webresources
22-Sep-2019 21:55:21.068 INFO [main] org.apache.catalina.startup.VersionLoggerListener.log Command line argument: -Dorg.apache.catalina.security.SecurityListener.UMASK=0027
22-Sep-2019 21:55:21.068 INFO [main] org.apache.catalina.startup.VersionLoggerListener.log Command line argument: -XX:+UseParallelGC
22-Sep-2019 21:55:21.068 INFO [main] org.apache.catalina.startup.VersionLoggerListener.log Command line argument: -Xlog:gc*:file=/Users/mohamedraiz/downloads/atlassian-jira-software-8.4.1-standalone/logs/atlassian-jira-gc-%t.log:time,uptime:filecount=5,filesize=20M
22-Sep-2019 21:55:21.069 INFO [main] org.apache.catalina.startup.VersionLoggerListener.log Command line argument: -Dignore.endorsed.dirs=
22-Sep-2019 21:55:21.069 INFO [main] org.apache.catalina.startup.VersionLoggerListener.log Command line argument: -Dcatalina.base=/Users/mohamedraiz/downloads/atlassian-jira-software-8.4.1-standalone
22-Sep-2019 21:55:21.069 INFO [main] org.apache.catalina.startup.VersionLoggerListener.log Command line argument: -Dcatalina.home=/Users/mohamedraiz/downloads/atlassian-jira-software-8.4.1-standalone
22-Sep-2019 21:55:21.069 INFO [main] org.apache.catalina.startup.VersionLoggerListener.log Command line argument: -Djava.io.tmpdir=/Users/mohamedraiz/downloads/atlassian-jira-software-8.4.1-standalone/temp
22-Sep-2019 21:55:21.070 INFO [main] org.apache.catalina.core.AprLifecycleListener.lifecycleEvent The APR based Apache Tomcat Native library which allows optimal performance in production environments was not found on the java.library.path: [/Users/mohamedraiz/Library/Java/Extensions:/Library/Java/Extensions:/Network/Library/Java/Extensions:/System/Library/Java/Extensions:/usr/lib/java:.]
22-Sep-2019 21:55:21.165 INFO [main] org.apache.coyote.AbstractProtocol.init Initializing ProtocolHandler ["http-nio-8080"]
22-Sep-2019 21:55:21.183 INFO [main] org.apache.catalina.startup.Catalina.load Initialization processed in 741 ms
22-Sep-2019 21:55:21.309 INFO [main] org.apache.catalina.core.StandardService.startInternal Starting service [Catalina]
22-Sep-2019 21:55:21.309 INFO [main] org.apache.catalina.core.StandardEngine.startInternal Starting Servlet Engine: Apache Tomcat/8.5.42
22-Sep-2019 21:55:31.447 INFO [main] org.apache.coyote.AbstractProtocol.start Starting ProtocolHandler ["http-nio-8080"]
22-Sep-2019 21:55:31.508 INFO [main] org.apache.tomcat.util.net.NioSelectorPool.getSharedSelector Using a shared selector for servlet write/read
22-Sep-2019 21:55:31.532 INFO [main] org.apache.catalina.startup.Catalina.start Server startup in 10347 ms
22-Sep-2019 21:56:33.548 INFO [main] org.apache.catalina.core.StandardServer.await A valid shutdown command was received via the shutdown port. Stopping the Server instance.
22-Sep-2019 21:56:33.549 INFO [main] org.apache.coyote.AbstractProtocol.pause Pausing ProtocolHandler ["http-nio-8080"]
22-Sep-2019 21:56:33.559 INFO [main] org.apache.catalina.core.StandardService.stopInternal Stopping service [Catalina]
22-Sep-2019 21:56:33.943 SEVERE [localhost-startStop-2] org.apache.catalina.loader.WebappClassLoaderBase.checkThreadLocalMapForLeaks The web application [ROOT] created a ThreadLocal with key of type [java.lang.ThreadLocal] (value [java.lang.ThreadLocal@4ade6ba7]) and a value of type [com.atlassian.jira.web.filters.ThreadLocalQueryProfiler] (value [com.atlassian.jira.web.filters.ThreadLocalQueryProfiler@40de5a26]) but failed to remove it when the web application was stopped. Threads are going to be renewed over time to try and avoid a probable memory leak.
22-Sep-2019 21:56:33.944 SEVERE [localhost-startStop-2] org.apache.catalina.loader.WebappClassLoaderBase.checkThreadLocalMapForLeaks The web application [ROOT] created a ThreadLocal with key of type [org.picocontainer.DefaultPicoContainer.IntoThreadLocal] (value [org.picocontainer.DefaultPicoContainer$IntoThreadLocal@3ce26426]) and a value of type [java.lang.Class] (value [class org.picocontainer.ComponentAdapter$NOTHING]) but failed to remove it when the web application was stopped. Threads are going to be renewed over time to try and avoid a probable memory leak.
22-Sep-2019 21:56:33.945 SEVERE [localhost-startStop-2] org.apache.catalina.loader.WebappClassLoaderBase.checkThreadLocalMapForLeaks The web application [ROOT] created a ThreadLocal with key of type [webwork.action.ActionContext$1] (value [webwork.action.ActionContext$1@e5f06f6]) and a value of type [webwork.action.ActionContext] (value [webwork.action.ActionContext@4f019e79]) but failed to remove it when the web application was stopped. Threads are going to be renewed over time to try and avoid a probable memory leak.
22-Sep-2019 21:56:33.945 SEVERE [localhost-startStop-2] org.apache.catalina.loader.WebappClassLoaderBase.checkThreadLocalMapForLeaks The web application [ROOT] created a ThreadLocal with key of type [webwork.action.ActionContext$1] (value [webwork.action.ActionContext$1@e5f06f6]) and a value of type [webwork.action.ActionContext] (value [webwork.action.ActionContext@f3a009c]) but failed to remove it when the web application was stopped. Threads are going to be renewed over time to try and avoid a probable memory leak.
22-Sep-2019 21:56:33.946 SEVERE [localhost-startStop-2] org.apache.catalina.loader.WebappClassLoaderBase.checkThreadLocalMapForLeaks The web application [ROOT] created a ThreadLocal with key of type [webwork.action.ActionContext$1] (value [webwork.action.ActionContext$1@e5f06f6]) and a value of type [webwork.action.ActionContext] (value [webwork.action.ActionContext@20d69609]) but failed to remove it when the web application was stopped. Threads are going to be renewed over time to try and avoid a probable memory leak.
22-Sep-2019 21:56:33.946 SEVERE [localhost-startStop-2] org.apache.catalina.loader.WebappClassLoaderBase.checkThreadLocalMapForLeaks The web application [ROOT] created a ThreadLocal with key of type [webwork.action.ActionContext$1] (value [webwork.action.ActionContext$1@e5f06f6]) and a value of type [webwork.action.ActionContext] (value [webwork.action.ActionContext@56c84c53]) but failed to remove it when the web application was stopped. Threads are going to be renewed over time to try and avoid a probable memory leak.
22-Sep-2019 21:56:33.946 SEVERE [localhost-startStop-2] org.apache.catalina.loader.WebappClassLoaderBase.checkThreadLocalMapForLeaks The web application [ROOT] created a ThreadLocal with key of type [webwork.action.ActionContext$1] (value [webwork.action.ActionContext$1@e5f06f6]) and a value of type [webwork.action.ActionContext] (value [webwork.action.ActionContext@15f9e2a5]) but failed to remove it when the web application was stopped. Threads are going to be renewed over time to try and avoid a probable memory leak.
22-Sep-2019 21:56:33.947 SEVERE [localhost-startStop-2] org.apache.catalina.loader.WebappClassLoaderBase.checkThreadLocalMapForLeaks The web application [ROOT] created a ThreadLocal with key of type [webwork.action.ActionContext$1] (value [webwork.action.ActionContext$1@e5f06f6]) and a value of type [webwork.action.ActionContext] (value [webwork.action.ActionContext@4a182e66]) but failed to remove it when the web application was stopped. Threads are going to be renewed over time to try and avoid a probable memory leak.
22-Sep-2019 21:56:33.947 SEVERE [localhost-startStop-2] org.apache.catalina.loader.WebappClassLoaderBase.checkThreadLocalMapForLeaks The web application [ROOT] created a ThreadLocal with key of type [webwork.action.ActionContext$1] (value [webwork.action.ActionContext$1@e5f06f6]) and a value of type [webwork.action.ActionContext] (value [webwork.action.ActionContext@5eea9ff2]) but failed to remove it when the web application was stopped. Threads are going to be renewed over time to try and avoid a probable memory leak.
22-Sep-2019 21:56:33.975 INFO [main] org.apache.coyote.AbstractProtocol.stop Stopping ProtocolHandler ["http-nio-8080"]
22-Sep-2019 21:56:33.985 INFO [main] org.apache.coyote.AbstractProtocol.destroy Destroying ProtocolHandler ["http-nio-8080"]
22-Sep-2019 21:59:01.016 INFO [main] org.apache.catalina.startup.VersionLoggerListener.log Server version:        Apache Tomcat/8.5.42
22-Sep-2019 21:59:01.020 INFO [main] org.apache.catalina.startup.VersionLoggerListener.log Server built:          Jun 4 2019 20:29:04 UTC
22-Sep-2019 21:59:01.020 INFO [main] org.apache.catalina.startup.VersionLoggerListener.log Server number:         8.5.42.0
22-Sep-2019 21:59:01.020 INFO [main] org.apache.catalina.startup.VersionLoggerListener.log OS Name:               Mac OS X
22-Sep-2019 21:59:01.020 INFO [main] org.apache.catalina.startup.VersionLoggerListener.log OS Version:            10.14.6
22-Sep-2019 21:59:01.020 INFO [main] org.apache.catalina.startup.VersionLoggerListener.log Architecture:          x86_64
22-Sep-2019 21:59:01.021 INFO [main] org.apache.catalina.startup.VersionLoggerListener.log Java Home:             /Library/Java/JavaVirtualMachines/jdk-11.0.1.jdk/Contents/Home
22-Sep-2019 21:59:01.021 INFO [main] org.apache.catalina.startup.VersionLoggerListener.log JVM Version:           11.0.1+13-LTS
22-Sep-2019 21:59:01.021 INFO [main] org.apache.catalina.startup.VersionLoggerListener.log JVM Vendor:            Oracle Corporation
22-Sep-2019 21:59:01.021 INFO [main] org.apache.catalina.startup.VersionLoggerListener.log CATALINA_BASE:         /Users/mohamedraiz/Desktop/Coding/RestAssuredAPI/atlassian-jira-software-8.4.1-standalone
22-Sep-2019 21:59:01.021 INFO [main] org.apache.catalina.startup.VersionLoggerListener.log CATALINA_HOME:         /Users/mohamedraiz/Desktop/Coding/RestAssuredAPI/atlassian-jira-software-8.4.1-standalone
22-Sep-2019 21:59:01.024 INFO [main] org.apache.catalina.startup.VersionLoggerListener.log Command line argument: --add-opens=java.base/java.lang=ALL-UNNAMED
22-Sep-2019 21:59:01.024 INFO [main] org.apache.catalina.startup.VersionLoggerListener.log Command line argument: --add-opens=java.base/java.io=ALL-UNNAMED
22-Sep-2019 21:59:01.024 INFO [main] org.apache.catalina.startup.VersionLoggerListener.log Command line argument: --add-opens=java.rmi/sun.rmi.transport=ALL-UNNAMED
22-Sep-2019 21:59:01.024 INFO [main] org.apache.catalina.startup.VersionLoggerListener.log Command line argument: -Djava.util.logging.config.file=/Users/mohamedraiz/Desktop/Coding/RestAssuredAPI/atlassian-jira-software-8.4.1-standalone/conf/logging.properties
22-Sep-2019 21:59:01.024 INFO [main] org.apache.catalina.startup.VersionLoggerListener.log Command line argument: -Djava.util.logging.manager=org.apache.juli.ClassLoaderLogManager
22-Sep-2019 21:59:01.024 INFO [main] org.apache.catalina.startup.VersionLoggerListener.log Command line argument: -Xms384m
22-Sep-2019 21:59:01.025 INFO [main] org.apache.catalina.startup.VersionLoggerListener.log Command line argument: -Xmx2048m
22-Sep-2019 21:59:01.025 INFO [main] org.apache.catalina.startup.VersionLoggerListener.log Command line argument: -XX:InitialCodeCacheSize=32m
22-Sep-2019 21:59:01.025 INFO [main] org.apache.catalina.startup.VersionLoggerListener.log Command line argument: -XX:ReservedCodeCacheSize=512m
22-Sep-2019 21:59:01.025 INFO [main] org.apache.catalina.startup.VersionLoggerListener.log Command line argument: -Djava.awt.headless=true
22-Sep-2019 21:59:01.025 INFO [main] org.apache.catalina.startup.VersionLoggerListener.log Command line argument: -Datlassian.standalone=JIRA
22-Sep-2019 21:59:01.025 INFO [main] org.apache.catalina.startup.VersionLoggerListener.log Command line argument: -Dorg.apache.jasper.runtime.BodyContentImpl.LIMIT_BUFFER=true
22-Sep-2019 21:59:01.026 INFO [main] org.apache.catalina.startup.VersionLoggerListener.log Command line argument: -Dmail.mime.decodeparameters=true
22-Sep-2019 21:59:01.026 INFO [main] org.apache.catalina.startup.VersionLoggerListener.log Command line argument: -Dorg.dom4j.factory=com.atlassian.core.xml.InterningDocumentFactory
22-Sep-2019 21:59:01.026 INFO [main] org.apache.catalina.startup.VersionLoggerListener.log Command line argument: -XX:-OmitStackTraceInFastThrow
22-Sep-2019 21:59:01.026 INFO [main] org.apache.catalina.startup.VersionLoggerListener.log Command line argument: -Djava.locale.providers=COMPAT
22-Sep-2019 21:59:01.027 INFO [main] org.apache.catalina.startup.VersionLoggerListener.log Command line argument: -Djdk.tls.ephemeralDHKeySize=2048
22-Sep-2019 21:59:01.027 INFO [main] org.apache.catalina.startup.VersionLoggerListener.log Command line argument: -Djava.protocol.handler.pkgs=org.apache.catalina.webresources
22-Sep-2019 21:59:01.027 INFO [main] org.apache.catalina.startup.VersionLoggerListener.log Command line argument: -Dorg.apache.catalina.security.SecurityListener.UMASK=0027
22-Sep-2019 21:59:01.027 INFO [main] org.apache.catalina.startup.VersionLoggerListener.log Command line argument: -XX:+UseParallelGC
22-Sep-2019 21:59:01.027 INFO [main] org.apache.catalina.startup.VersionLoggerListener.log Command line argument: -Xlog:gc*:file=/Users/mohamedraiz/Desktop/Coding/RestAssuredAPI/atlassian-jira-software-8.4.1-standalone/logs/atlassian-jira-gc-%t.log:time,uptime:filecount=5,filesize=20M
22-Sep-2019 21:59:01.027 INFO [main] org.apache.catalina.startup.VersionLoggerListener.log Command line argument: -Dignore.endorsed.dirs=
22-Sep-2019 21:59:01.028 INFO [main] org.apache.catalina.startup.VersionLoggerListener.log Command line argument: -Dcatalina.base=/Users/mohamedraiz/Desktop/Coding/RestAssuredAPI/atlassian-jira-software-8.4.1-standalone
22-Sep-2019 21:59:01.028 INFO [main] org.apache.catalina.startup.VersionLoggerListener.log Command line argument: -Dcatalina.home=/Users/mohamedraiz/Desktop/Coding/RestAssuredAPI/atlassian-jira-software-8.4.1-standalone
22-Sep-2019 21:59:01.028 INFO [main] org.apache.catalina.startup.VersionLoggerListener.log Command line argument: -Djava.io.tmpdir=/Users/mohamedraiz/Desktop/Coding/RestAssuredAPI/atlassian-jira-software-8.4.1-standalone/temp
22-Sep-2019 21:59:01.028 INFO [main] org.apache.catalina.core.AprLifecycleListener.lifecycleEvent The APR based Apache Tomcat Native library which allows optimal performance in production environments was not found on the java.library.path: [/Users/mohamedraiz/Library/Java/Extensions:/Library/Java/Extensions:/Network/Library/Java/Extensions:/System/Library/Java/Extensions:/usr/lib/java:.]
22-Sep-2019 21:59:01.105 INFO [main] org.apache.coyote.AbstractProtocol.init Initializing ProtocolHandler ["http-nio-8080"]
22-Sep-2019 21:59:01.119 INFO [main] org.apache.catalina.startup.Catalina.load Initialization processed in 607 ms
22-Sep-2019 21:59:01.154 INFO [main] org.apache.catalina.core.StandardService.startInternal Starting service [Catalina]
22-Sep-2019 21:59:01.155 INFO [main] org.apache.catalina.core.StandardEngine.startInternal Starting Servlet Engine: Apache Tomcat/8.5.42
22-Sep-2019 21:59:08.818 INFO [main] org.apache.coyote.AbstractProtocol.start Starting ProtocolHandler ["http-nio-8080"]
22-Sep-2019 21:59:08.833 INFO [main] org.apache.tomcat.util.net.NioSelectorPool.getSharedSelector Using a shared selector for servlet write/read
22-Sep-2019 21:59:08.843 INFO [main] org.apache.catalina.startup.Catalina.start Server startup in 7724 ms
22-Sep-2019 22:00:55.592 INFO [main] org.apache.catalina.core.StandardServer.await A valid shutdown command was received via the shutdown port. Stopping the Server instance.
22-Sep-2019 22:00:55.593 INFO [main] org.apache.coyote.AbstractProtocol.pause Pausing ProtocolHandler ["http-nio-8080"]
22-Sep-2019 22:00:55.604 INFO [main] org.apache.catalina.core.StandardService.stopInternal Stopping service [Catalina]
22-Sep-2019 22:00:56.020 SEVERE [localhost-startStop-2] org.apache.catalina.loader.WebappClassLoaderBase.checkThreadLocalMapForLeaks The web application [ROOT] created a ThreadLocal with key of type [java.lang.ThreadLocal] (value [java.lang.ThreadLocal@58c2d0c9]) and a value of type [com.atlassian.jira.web.filters.ThreadLocalQueryProfiler] (value [com.atlassian.jira.web.filters.ThreadLocalQueryProfiler@748aa23a]) but failed to remove it when the web application was stopped. Threads are going to be renewed over time to try and avoid a probable memory leak.
22-Sep-2019 22:00:56.022 SEVERE [localhost-startStop-2] org.apache.catalina.loader.WebappClassLoaderBase.checkThreadLocalMapForLeaks The web application [ROOT] created a ThreadLocal with key of type [org.picocontainer.DefaultPicoContainer.IntoThreadLocal] (value [org.picocontainer.DefaultPicoContainer$IntoThreadLocal@3c3bef47]) and a value of type [java.lang.Class] (value [class org.picocontainer.ComponentAdapter$NOTHING]) but failed to remove it when the web application was stopped. Threads are going to be renewed over time to try and avoid a probable memory leak.
22-Sep-2019 22:00:56.022 SEVERE [localhost-startStop-2] org.apache.catalina.loader.WebappClassLoaderBase.checkThreadLocalMapForLeaks The web application [ROOT] created a ThreadLocal with key of type [webwork.action.ActionContext$1] (value [webwork.action.ActionContext$1@7daaf635]) and a value of type [webwork.action.ActionContext] (value [webwork.action.ActionContext@68323559]) but failed to remove it when the web application was stopped. Threads are going to be renewed over time to try and avoid a probable memory leak.
22-Sep-2019 22:00:56.023 SEVERE [localhost-startStop-2] org.apache.catalina.loader.WebappClassLoaderBase.checkThreadLocalMapForLeaks The web application [ROOT] created a ThreadLocal with key of type [webwork.action.ActionContext$1] (value [webwork.action.ActionContext$1@7daaf635]) and a value of type [webwork.action.ActionContext] (value [webwork.action.ActionContext@49f2301a]) but failed to remove it when the web application was stopped. Threads are going to be renewed over time to try and avoid a probable memory leak.
22-Sep-2019 22:00:56.023 SEVERE [localhost-startStop-2] org.apache.catalina.loader.WebappClassLoaderBase.checkThreadLocalMapForLeaks The web application [ROOT] created a ThreadLocal with key of type [webwork.action.ActionContext$1] (value [webwork.action.ActionContext$1@7daaf635]) and a value of type [webwork.action.ActionContext] (value [webwork.action.ActionContext@143cf983]) but failed to remove it when the web application was stopped. Threads are going to be renewed over time to try and avoid a probable memory leak.
22-Sep-2019 22:00:56.024 SEVERE [localhost-startStop-2] org.apache.catalina.loader.WebappClassLoaderBase.checkThreadLocalMapForLeaks The web application [ROOT] created a ThreadLocal with key of type [webwork.action.ActionContext$1] (value [webwork.action.ActionContext$1@7daaf635]) and a value of type [webwork.action.ActionContext] (value [webwork.action.ActionContext@3e8dae6f]) but failed to remove it when the web application was stopped. Threads are going to be renewed over time to try and avoid a probable memory leak.
22-Sep-2019 22:00:56.024 SEVERE [localhost-startStop-2] org.apache.catalina.loader.WebappClassLoaderBase.checkThreadLocalMapForLeaks The web application [ROOT] created a ThreadLocal with key of type [webwork.action.ActionContext$1] (value [webwork.action.ActionContext$1@7daaf635]) and a value of type [webwork.action.ActionContext] (value [webwork.action.ActionContext@476ccc1a]) but failed to remove it when the web application was stopped. Threads are going to be renewed over time to try and avoid a probable memory leak.
22-Sep-2019 22:00:56.025 SEVERE [localhost-startStop-2] org.apache.catalina.loader.WebappClassLoaderBase.checkThreadLocalMapForLeaks The web application [ROOT] created a ThreadLocal with key of type [webwork.action.ActionContext$1] (value [webwork.action.ActionContext$1@7daaf635]) and a value of type [webwork.action.ActionContext] (value [webwork.action.ActionContext@1fc6560d]) but failed to remove it when the web application was stopped. Threads are going to be renewed over time to try and avoid a probable memory leak.
22-Sep-2019 22:00:56.032 INFO [main] org.apache.coyote.AbstractProtocol.stop Stopping ProtocolHandler ["http-nio-8080"]
22-Sep-2019 22:00:56.036 INFO [main] org.apache.coyote.AbstractProtocol.destroy Destroying ProtocolHandler ["http-nio-8080"]
22-Sep-2019 22:11:32.387 INFO [main] org.apache.catalina.startup.VersionLoggerListener.log Server version:        Apache Tomcat/8.5.42
22-Sep-2019 22:11:32.390 INFO [main] org.apache.catalina.startup.VersionLoggerListener.log Server built:          Jun 4 2019 20:29:04 UTC
22-Sep-2019 22:11:32.391 INFO [main] org.apache.catalina.startup.VersionLoggerListener.log Server number:         8.5.42.0
22-Sep-2019 22:11:32.391 INFO [main] org.apache.catalina.startup.VersionLoggerListener.log OS Name:               Mac OS X
22-Sep-2019 22:11:32.391 INFO [main] org.apache.catalina.startup.VersionLoggerListener.log OS Version:            10.14.6
22-Sep-2019 22:11:32.391 INFO [main] org.apache.catalina.startup.VersionLoggerListener.log Architecture:          x86_64
22-Sep-2019 22:11:32.391 INFO [main] org.apache.catalina.startup.VersionLoggerListener.log Java Home:             /Library/Java/JavaVirtualMachines/jdk-11.0.1.jdk/Contents/Home
22-Sep-2019 22:11:32.392 INFO [main] org.apache.catalina.startup.VersionLoggerListener.log JVM Version:           11.0.1+13-LTS
22-Sep-2019 22:11:32.392 INFO [main] org.apache.catalina.startup.VersionLoggerListener.log JVM Vendor:            Oracle Corporation
22-Sep-2019 22:11:32.392 INFO [main] org.apache.catalina.startup.VersionLoggerListener.log CATALINA_BASE:         /Users/mohamedraiz/Desktop/Coding/RestAssuredAPI/atlassian-jira-software-8.4.1-standalone
22-Sep-2019 22:11:32.392 INFO [main] org.apache.catalina.startup.VersionLoggerListener.log CATALINA_HOME:         /Users/mohamedraiz/Desktop/Coding/RestAssuredAPI/atlassian-jira-software-8.4.1-standalone
22-Sep-2019 22:11:32.395 INFO [main] org.apache.catalina.startup.VersionLoggerListener.log Command line argument: --add-opens=java.base/java.lang=ALL-UNNAMED
22-Sep-2019 22:11:32.395 INFO [main] org.apache.catalina.startup.VersionLoggerListener.log Command line argument: --add-opens=java.base/java.io=ALL-UNNAMED
22-Sep-2019 22:11:32.395 INFO [main] org.apache.catalina.startup.VersionLoggerListener.log Command line argument: --add-opens=java.rmi/sun.rmi.transport=ALL-UNNAMED
22-Sep-2019 22:11:32.396 INFO [main] org.apache.catalina.startup.VersionLoggerListener.log Command line argument: -Djava.util.logging.config.file=/Users/mohamedraiz/Desktop/Coding/RestAssuredAPI/atlassian-jira-software-8.4.1-standalone/conf/logging.properties
22-Sep-2019 22:11:32.396 INFO [main] org.apache.catalina.startup.VersionLoggerListener.log Command line argument: -Djava.util.logging.manager=org.apache.juli.ClassLoaderLogManager
22-Sep-2019 22:11:32.396 INFO [main] org.apache.catalina.startup.VersionLoggerListener.log Command line argument: -Xms384m
22-Sep-2019 22:11:32.396 INFO [main] org.apache.catalina.startup.VersionLoggerListener.log Command line argument: -Xmx2048m
22-Sep-2019 22:11:32.396 INFO [main] org.apache.catalina.startup.VersionLoggerListener.log Command line argument: -XX:InitialCodeCacheSize=32m
22-Sep-2019 22:11:32.396 INFO [main] org.apache.catalina.startup.VersionLoggerListener.log Command line argument: -XX:ReservedCodeCacheSize=512m
22-Sep-2019 22:11:32.396 INFO [main] org.apache.catalina.startup.VersionLoggerListener.log Command line argument: -Djava.awt.headless=true
22-Sep-2019 22:11:32.397 INFO [main] org.apache.catalina.startup.VersionLoggerListener.log Command line argument: -Datlassian.standalone=JIRA
22-Sep-2019 22:11:32.397 INFO [main] org.apache.catalina.startup.VersionLoggerListener.log Command line argument: -Dorg.apache.jasper.runtime.BodyContentImpl.LIMIT_BUFFER=true
22-Sep-2019 22:11:32.397 INFO [main] org.apache.catalina.startup.VersionLoggerListener.log Command line argument: -Dmail.mime.decodeparameters=true
22-Sep-2019 22:11:32.397 INFO [main] org.apache.catalina.startup.VersionLoggerListener.log Command line argument: -Dorg.dom4j.factory=com.atlassian.core.xml.InterningDocumentFactory
22-Sep-2019 22:11:32.397 INFO [main] org.apache.catalina.startup.VersionLoggerListener.log Command line argument: -XX:-OmitStackTraceInFastThrow
22-Sep-2019 22:11:32.397 INFO [main] org.apache.catalina.startup.VersionLoggerListener.log Command line argument: -Djava.locale.providers=COMPAT
22-Sep-2019 22:11:32.397 INFO [main] org.apache.catalina.startup.VersionLoggerListener.log Command line argument: -Djdk.tls.ephemeralDHKeySize=2048
22-Sep-2019 22:11:32.398 INFO [main] org.apache.catalina.startup.VersionLoggerListener.log Command line argument: -Djava.protocol.handler.pkgs=org.apache.catalina.webresources
22-Sep-2019 22:11:32.398 INFO [main] org.apache.catalina.startup.VersionLoggerListener.log Command line argument: -Dorg.apache.catalina.security.SecurityListener.UMASK=0027
22-Sep-2019 22:11:32.398 INFO [main] org.apache.catalina.startup.VersionLoggerListener.log Command line argument: -XX:+UseParallelGC
22-Sep-2019 22:11:32.398 INFO [main] org.apache.catalina.startup.VersionLoggerListener.log Command line argument: -Xlog:gc*:file=/Users/mohamedraiz/Desktop/Coding/RestAssuredAPI/atlassian-jira-software-8.4.1-standalone/logs/atlassian-jira-gc-%t.log:time,uptime:filecount=5,filesize=20M
22-Sep-2019 22:11:32.398 INFO [main] org.apache.catalina.startup.VersionLoggerListener.log Command line argument: -Dignore.endorsed.dirs=
22-Sep-2019 22:11:32.398 INFO [main] org.apache.catalina.startup.VersionLoggerListener.log Command line argument: -Dcatalina.base=/Users/mohamedraiz/Desktop/Coding/RestAssuredAPI/atlassian-jira-software-8.4.1-standalone
22-Sep-2019 22:11:32.399 INFO [main] org.apache.catalina.startup.VersionLoggerListener.log Command line argument: -Dcatalina.home=/Users/mohamedraiz/Desktop/Coding/RestAssuredAPI/atlassian-jira-software-8.4.1-standalone
22-Sep-2019 22:11:32.399 INFO [main] org.apache.catalina.startup.VersionLoggerListener.log Command line argument: -Djava.io.tmpdir=/Users/mohamedraiz/Desktop/Coding/RestAssuredAPI/atlassian-jira-software-8.4.1-standalone/temp
22-Sep-2019 22:11:32.399 INFO [main] org.apache.catalina.core.AprLifecycleListener.lifecycleEvent The APR based Apache Tomcat Native library which allows optimal performance in production environments was not found on the java.library.path: [/Users/mohamedraiz/Library/Java/Extensions:/Library/Java/Extensions:/Network/Library/Java/Extensions:/System/Library/Java/Extensions:/usr/lib/java:.]
22-Sep-2019 22:11:32.469 INFO [main] org.apache.coyote.AbstractProtocol.init Initializing ProtocolHandler ["http-nio-8080"]
22-Sep-2019 22:11:32.483 INFO [main] org.apache.catalina.startup.Catalina.load Initialization processed in 552 ms
22-Sep-2019 22:11:32.516 INFO [main] org.apache.catalina.core.StandardService.startInternal Starting service [Catalina]
22-Sep-2019 22:11:32.517 INFO [main] org.apache.catalina.core.StandardEngine.startInternal Starting Servlet Engine: Apache Tomcat/8.5.42
22-Sep-2019 22:11:40.784 INFO [main] org.apache.coyote.AbstractProtocol.start Starting ProtocolHandler ["http-nio-8080"]
22-Sep-2019 22:11:40.799 INFO [main] org.apache.tomcat.util.net.NioSelectorPool.getSharedSelector Using a shared selector for servlet write/read
22-Sep-2019 22:11:40.822 INFO [main] org.apache.catalina.startup.Catalina.start Server startup in 8338 ms
22-Sep-2019 22:33:39.825 WARNING [http-nio-8080-exec-17] com.sun.jersey.spi.container.servlet.WebComponent.filterFormParameters A servlet request, to the URI http://localhost:8080/rest/jira-importers-plugin/1.0/demo/create, contains form parameters in the request body but the request body has been consumed by the servlet or a servlet filter accessing the request parameters. Only resource methods using @FormParam will work as expected. Resource methods consuming the request body by other means will not work as expected.
22-Sep-2019 22:35:13.168 WARNING [http-nio-8080-exec-3] com.sun.jersey.spi.container.servlet.WebComponent.filterFormParameters A servlet request, to the URI http://localhost:8080/rest/activity-stream/1.0/preferences?_=1569162911848, contains form parameters in the request body but the request body has been consumed by the servlet or a servlet filter accessing the request parameters. Only resource methods using @FormParam will work as expected. Resource methods consuming the request body by other means will not work as expected.
22-Sep-2019 22:35:14.043 WARNING [http-nio-8080-exec-14] com.sun.jersey.spi.container.servlet.WebComponent.filterFormParameters A servlet request, to the URI http://localhost:8080/rest/webResources/1.0/resources, contains form parameters in the request body but the request body has been consumed by the servlet or a servlet filter accessing the request parameters. Only resource methods using @FormParam will work as expected. Resource methods consuming the request body by other means will not work as expected.
22-Sep-2019 22:35:31.942 WARNING [http-nio-8080-exec-5] com.sun.jersey.spi.container.servlet.WebComponent.filterFormParameters A servlet request, to the URI http://localhost:8080/rest/webResources/1.0/resources, contains form parameters in the request body but the request body has been consumed by the servlet or a servlet filter accessing the request parameters. Only resource methods using @FormParam will work as expected. Resource methods consuming the request body by other means will not work as expected.
22-Sep-2019 22:35:32.047 WARNING [http-nio-8080-exec-3] com.sun.jersey.spi.container.servlet.WebComponent.filterFormParameters A servlet request, to the URI http://localhost:8080/rest/activity-stream/1.0/preferences?_=1569162931881, contains form parameters in the request body but the request body has been consumed by the servlet or a servlet filter accessing the request parameters. Only resource methods using @FormParam will work as expected. Resource methods consuming the request body by other means will not work as expected.
22-Sep-2019 22:49:36.246 INFO [main] org.apache.catalina.core.StandardServer.await A valid shutdown command was received via the shutdown port. Stopping the Server instance.
22-Sep-2019 22:49:36.249 INFO [main] org.apache.coyote.AbstractProtocol.pause Pausing ProtocolHandler ["http-nio-8080"]
22-Sep-2019 22:49:36.257 INFO [main] org.apache.catalina.core.StandardService.stopInternal Stopping service [Catalina]
22-Sep-2019 22:49:49.323 WARNING [localhost-startStop-2] org.apache.catalina.loader.WebappClassLoaderBase.clearReferencesJdbc The web application [ROOT] registered the JDBC driver [org.h2.Driver] but failed to unregister it when the web application was stopped. To prevent a memory leak, the JDBC Driver has been forcibly unregistered.
22-Sep-2019 22:49:49.328 WARNING [localhost-startStop-2] org.apache.catalina.loader.WebappClassLoaderBase.clearReferencesThreads The web application [ROOT] appears to have started a thread named [JonasBatch] but has failed to stop it. This is very likely to create a memory leak. Stack trace of thread:
 java.base@11.0.1/java.lang.Object.wait(Native Method)
 java.base@11.0.1/java.lang.Object.wait(Object.java:328)
 org.objectweb.jonas_timer.TimerManager.batch(TimerManager.java:193)
 org.objectweb.jonas_timer.Batch.run(TimerManager.java:65)
22-Sep-2019 22:49:49.331 WARNING [localhost-startStop-2] org.apache.catalina.loader.WebappClassLoaderBase.clearReferencesThreads The web application [ROOT] appears to have started a thread named [JonasClock] but has failed to stop it. This is very likely to create a memory leak. Stack trace of thread:
 java.base@11.0.1/java.lang.Thread.sleep(Native Method)
 org.objectweb.jonas_timer.TimerManager.clock(TimerManager.java:142)
 org.objectweb.jonas_timer.Clock.run(TimerManager.java:46)
22-Sep-2019 22:49:49.403 INFO [main] org.apache.coyote.AbstractProtocol.stop Stopping ProtocolHandler ["http-nio-8080"]
22-Sep-2019 22:49:49.412 INFO [main] org.apache.coyote.AbstractProtocol.destroy Destroying ProtocolHandler ["http-nio-8080"]
